d:\learning\nam 2\hoc ki 1\th lap trinh huong doi tuong\game\game\game\debug\vc141.pdb
d:\learning\nam 2\hoc ki 1\th lap trinh huong doi tuong\game\game\game\debug\vc141.idb
d:\learning\nam 2\hoc ki 1\th lap trinh huong doi tuong\game\game\game\debug\function.obj
d:\learning\nam 2\hoc ki 1\th lap trinh huong doi tuong\game\game\game\debug\main.obj
d:\learning\nam 2\hoc ki 1\th lap trinh huong doi tuong\game\game\game\debug\cgame.obj
d:\learning\nam 2\hoc ki 1\th lap trinh huong doi tuong\game\game\game\debug\cpeople.obj
d:\learning\nam 2\hoc ki 1\th lap trinh huong doi tuong\game\game\game\debug\cvehicle.obj
d:\learning\nam 2\hoc ki 1\th lap trinh huong doi tuong\game\game\game\debug\cobject.obj
d:\learning\nam 2\hoc ki 1\th lap trinh huong doi tuong\game\game\game\debug\canimal.obj
d:\learning\nam 2\hoc ki 1\th lap trinh huong doi tuong\game\game\game\debug\cdinasaur.obj
d:\learning\nam 2\hoc ki 1\th lap trinh huong doi tuong\game\game\game\debug\ctruck.obj
d:\learning\nam 2\hoc ki 1\th lap trinh huong doi tuong\game\game\game\debug\cbird.obj
d:\learning\nam 2\hoc ki 1\th lap trinh huong doi tuong\game\game\game\debug\ccar.obj
d:\learning\nam 2\hoc ki 1\th lap trinh huong doi tuong\game\game\debug\game.ilk
d:\learning\nam 2\hoc ki 1\th lap trinh huong doi tuong\game\game\debug\game.exe
d:\learning\nam 2\hoc ki 1\th lap trinh huong doi tuong\game\game\debug\game.pdb
d:\learning\nam 2\hoc ki 1\th lap trinh huong doi tuong\game\game\game\debug\game.tlog\cl.command.1.tlog
d:\learning\nam 2\hoc ki 1\th lap trinh huong doi tuong\game\game\game\debug\game.tlog\cl.read.1.tlog
d:\learning\nam 2\hoc ki 1\th lap trinh huong doi tuong\game\game\game\debug\game.tlog\cl.write.1.tlog
d:\learning\nam 2\hoc ki 1\th lap trinh huong doi tuong\game\game\game\debug\game.tlog\link.command.1.tlog
d:\learning\nam 2\hoc ki 1\th lap trinh huong doi tuong\game\game\game\debug\game.tlog\link.read.1.tlog
d:\learning\nam 2\hoc ki 1\th lap trinh huong doi tuong\game\game\game\debug\game.tlog\link.write.1.tlog
